<?xml version="1.0" encoding="UTF-8"?>
<!-- Generated by org.testng.reporters.JUnitReportReporter -->
<testsuite skipped="59" hostname="macpk-wks-0076" name="Master.EMS_Execution" tests="60" failures="0" timestamp="15 Apr 2019 13:02:54 GMT" time="37.536" errors="1">
  <testcase name="EmailMarketingLists_VerificationInCRMContacts" time="0.000" classname="Master.EMS_Execution">
    <skipped/>
  </testcase> <!-- EmailMarketingLists_VerificationInCRMContacts -->
  <testcase name="Startup" time="37.536" classname="Master.EMS_Execution">
    <error type="org.openqa.selenium.NoSuchWindowException" message="no such window: target window already closed
from unknown error: web view not found
  (Session info: chrome=73.0.3683.103)
  (Driver info: chromedriver=2.46.628402 (536cd7adbad73a3783fdc2cab92ab2ba7ec361e1),platform=Windows NT 6.1.7601 SP1 x86_64) (WARNING: The server did not provide any stacktrace information)
Command duration or timeout: 0 milliseconds
Build info: version: &#039;3.14.0&#039;, revision: &#039;aacccce0&#039;, time: &#039;2018-08-02T20:19:58.91Z&#039;
System info: host: &#039;MACPK-WKS-0076&#039;, ip: &#039;172.25.177.164&#039;, os.name: &#039;Windows 7&#039;, os.arch: &#039;amd64&#039;, os.version: &#039;6.1&#039;, java.version: &#039;1.8.0_181&#039;
Driver info: org.openqa.selenium.chrome.ChromeDriver
Capabilities {acceptInsecureCerts: false, acceptSslCerts: false, applicationCacheEnabled: false, browserConnectionEnabled: false, browserName: chrome, chrome: {chromedriverVersion: 2.46.628402 (536cd7adbad73a..., userDataDir: C:\Users\BILAL~1.MUB\AppDat...}, cssSelectorsEnabled: true, databaseEnabled: false, goog:chromeOptions: {debuggerAddress: localhost:64385}, handlesAlerts: true, hasTouchScreen: false, javascriptEnabled: true, locationContextEnabled: true, mobileEmulationEnabled: false, nativeEvents: true, networkConnectionEnabled: false, pageLoadStrategy: normal, platform: XP, platformName: XP, proxy: Proxy(), rotatable: false, setWindowRect: true, strictFileInteractability: false, takesHeapSnapshot: true, takesScreenshot: true, timeouts: {implicit: 0, pageLoad: 300000, script: 30000}, unexpectedAlertBehaviour: ignore, unhandledPromptBehavior: ignore, version: 73.0.3683.103, webStorageEnabled: true}
Session ID: 3feefa2d876a8cf0367573f217fd9d41">
      <![CDATA[org.openqa.selenium.NoSuchWindowException: no such window: target window already closedfrom unknown error: web view not found  (Session info: chrome=73.0.3683.103)  (Driver info: chromedriver=2.46.628402 (536cd7adbad73a3783fdc2cab92ab2ba7ec361e1),platform=Windows NT 6.1.7601 SP1 x86_64) (WARNING: The server did not provide any stacktrace information)Command duration or timeout: 0 millisecondsBuild info: version: '3.14.0', revision: 'aacccce0', time: '2018-08-02T20:19:58.91Z'System info: host: 'MACPK-WKS-0076', ip: '172.25.177.164', os.name: 'Windows 7', os.arch: 'amd64', os.version: '6.1', java.version: '1.8.0_181'Driver info: org.openqa.selenium.chrome.ChromeDriverCapabilities {acceptInsecureCerts: false, acceptSslCerts: false, applicationCacheEnabled: false, browserConnectionEnabled: false, browserName: chrome, chrome: {chromedriverVersion: 2.46.628402 (536cd7adbad73a..., userDataDir: C:\Users\BILAL~1.MUB\AppDat...}, cssSelectorsEnabled: true, databaseEnabled: false, goog:chromeOptions: {debuggerAddress: localhost:64385}, handlesAlerts: true, hasTouchScreen: false, javascriptEnabled: true, locationContextEnabled: true, mobileEmulationEnabled: false, nativeEvents: true, networkConnectionEnabled: false, pageLoadStrategy: normal, platform: XP, platformName: XP, proxy: Proxy(), rotatable: false, setWindowRect: true, strictFileInteractability: false, takesHeapSnapshot: true, takesScreenshot: true, timeouts: {implicit: 0, pageLoad: 300000, script: 30000}, unexpectedAlertBehaviour: ignore, unhandledPromptBehavior: ignore, version: 73.0.3683.103, webStorageEnabled: true}Session ID: 3feefa2d876a8cf0367573f217fd9d41at sun.reflect.NativeConstructorAccessorImpl.newInstance0(Native Method)at sun.reflect.NativeConstructorAccessorImpl.newInstance(Unknown Source)at sun.reflect.DelegatingConstructorAccessorImpl.newInstance(Unknown Source)at java.lang.reflect.Constructor.newInstance(Unknown Source)at org.openqa.selenium.remote.ErrorHandler.createThrowable(ErrorHandler.java:214)at org.openqa.selenium.remote.ErrorHandler.throwIfResponseFailed(ErrorHandler.java:166)at org.openqa.selenium.remote.http.JsonHttpResponseCodec.reconstructValue(JsonHttpResponseCodec.java:40)at org.openqa.selenium.remote.http.AbstractHttpResponseCodec.decode(AbstractHttpResponseCodec.java:80)at org.openqa.selenium.remote.http.AbstractHttpResponseCodec.decode(AbstractHttpResponseCodec.java:44)at org.openqa.selenium.remote.HttpCommandExecutor.execute(HttpCommandExecutor.java:158)at org.openqa.selenium.remote.service.DriverCommandExecutor.execute(DriverCommandExecutor.java:83)at org.openqa.selenium.remote.RemoteWebDriver.execute(RemoteWebDriver.java:548)at org.openqa.selenium.remote.RemoteWebDriver.execute(RemoteWebDriver.java:605)at org.openqa.selenium.remote.RemoteWebDriver$RemoteWebDriverOptions$RemoteWindow.maximize(RemoteWebDriver.java:833)at EMSTestCases.BrowserInitiation.StartBrowser(BrowserInitiation.java:77)at Master.EMS_Execution.Startup(EMS_Execution.java:56)at sun.reflect.NativeMethodAccessorImpl.invoke0(Native Method)at sun.reflect.NativeMethodAccessorImpl.invoke(Unknown Source)at sun.reflect.DelegatingMethodAccessorImpl.invoke(Unknown Source)at java.lang.reflect.Method.invoke(Unknown Source)at org.testng.internal.MethodInvocationHelper.invokeMethod(MethodInvocationHelper.java:124)at org.testng.internal.MethodInvocationHelper.invokeMethodConsideringTimeout(MethodInvocationHelper.java:59)at org.testng.internal.Invoker.invokeConfigurationMethod(Invoker.java:451)at org.testng.internal.Invoker.invokeConfigurations(Invoker.java:222)at org.testng.internal.Invoker.invokeConfigurations(Invoker.java:142)at org.testng.TestRunner.beforeRun(TestRunner.java:529)at org.testng.TestRunner.run(TestRunner.java:497)at org.testng.SuiteRunner.runTest(SuiteRunner.java:455)at org.testng.SuiteRunner.runSequentially(SuiteRunner.java:450)at org.testng.SuiteRunner.privateRun(SuiteRunner.java:415)at org.testng.SuiteRunner.run(SuiteRunner.java:364)at org.testng.SuiteRunnerWorker.runSuite(SuiteRunnerWorker.java:52)at org.testng.SuiteRunnerWorker.run(SuiteRunnerWorker.java:84)at org.testng.TestNG.runSuitesSequentially(TestNG.java:1187)at org.testng.TestNG.runSuitesLocally(TestNG.java:1116)at org.testng.TestNG.runSuites(TestNG.java:1028)at org.testng.TestNG.run(TestNG.java:996)at org.testng.remote.AbstractRemoteTestNG.run(AbstractRemoteTestNG.java:114)at org.testng.remote.RemoteTestNG.initAndRun(RemoteTestNG.java:251)at org.testng.remote.RemoteTestNG.main(RemoteTestNG.java:77)]]>
    </error>
  </testcase> <!-- Startup -->
  <testcase name="LoginApp" time="0.000" classname="Master.EMS_Execution">
    <skipped/>
  </testcase> <!-- LoginApp -->
  <testcase name="CampaignInfo_Creation" time="0.000" classname="Master.EMS_Execution">
    <skipped/>
  </testcase> <!-- CampaignInfo_Creation -->
  <testcase name="ChooseandCreateTemplate" time="0.000" classname="Master.EMS_Execution">
    <skipped/>
  </testcase> <!-- ChooseandCreateTemplate -->
  <testcase name="LinkTOURLButton_PopUpMessageVerification" time="0.000" classname="Master.EMS_Execution">
    <skipped/>
  </testcase> <!-- LinkTOURLButton_PopUpMessageVerification -->
  <testcase name="ButtonText_Updation_VerificationDuringCampaign" time="0.000" classname="Master.EMS_Execution">
    <skipped/>
  </testcase> <!-- ButtonText_Updation_VerificationDuringCampaign -->
  <testcase name="ProductAlignementBelow" time="0.000" classname="Master.EMS_Execution">
    <skipped/>
  </testcase> <!-- ProductAlignementBelow -->
  <testcase name="ProductAlignementRight" time="0.000" classname="Master.EMS_Execution">
    <skipped/>
  </testcase> <!-- ProductAlignementRight -->
  <testcase name="ProductAlignementLeft" time="0.000" classname="Master.EMS_Execution">
    <skipped/>
  </testcase> <!-- ProductAlignementLeft -->
  <testcase name="ProductAlignementAbove" time="0.000" classname="Master.EMS_Execution">
    <skipped/>
  </testcase> <!-- ProductAlignementAbove -->
  <testcase name="Campaign_EditorCreation" time="0.000" classname="Master.EMS_Execution">
    <skipped/>
  </testcase> <!-- Campaign_EditorCreation -->
  <testcase name="RecipientListSelectionTextVerification" time="0.000" classname="Master.EMS_Execution">
    <skipped/>
  </testcase> <!-- RecipientListSelectionTextVerification -->
  <testcase name="List_CreationFromCampaign" time="0.000" classname="Master.EMS_Execution">
    <skipped/>
  </testcase> <!-- List_CreationFromCampaign -->
  <testcase name="Indivisual_ContactsUnderList_AddFromCampaign" time="0.000" classname="Master.EMS_Execution">
    <skipped/>
  </testcase> <!-- Indivisual_ContactsUnderList_AddFromCampaign -->
  <testcase name="CRMContacts_ContactsUnderList_AddFromCampaign" time="0.000" classname="Master.EMS_Execution">
    <skipped/>
  </testcase> <!-- CRMContacts_ContactsUnderList_AddFromCampaign -->
  <testcase name="MoveAndCopyContacts_ToList" time="0.000" classname="Master.EMS_Execution">
    <skipped/>
  </testcase> <!-- MoveAndCopyContacts_ToList -->
  <testcase name="CampaignLevelListPreview" time="0.000" classname="Master.EMS_Execution">
    <skipped/>
  </testcase> <!-- CampaignLevelListPreview -->
  <testcase name="CampaignPreview" time="0.000" classname="Master.EMS_Execution">
    <skipped/>
  </testcase> <!-- CampaignPreview -->
  <testcase name="SendTest_Email" time="0.000" classname="Master.EMS_Execution">
    <skipped/>
  </testcase> <!-- SendTest_Email -->
  <testcase name="CreateCampaign_1_To_5_StepVerification" time="0.000" classname="Master.EMS_Execution">
    <skipped/>
  </testcase> <!-- CreateCampaign_1_To_5_StepVerification -->
  <testcase name="CampaignEmail_SentVerification" time="0.000" classname="Master.EMS_Execution">
    <skipped/>
  </testcase> <!-- CampaignEmail_SentVerification -->
  <testcase name="CopyAndMoveContactsFromLists" time="0.000" classname="Master.EMS_Execution">
    <skipped/>
  </testcase> <!-- CopyAndMoveContactsFromLists -->
  <testcase name="DeleteContact" time="0.000" classname="Master.EMS_Execution">
    <skipped/>
  </testcase> <!-- DeleteContact -->
  <testcase name="List_CreationFromListPage" time="0.000" classname="Master.EMS_Execution">
    <skipped/>
  </testcase> <!-- List_CreationFromListPage -->
  <testcase name="Indivisual_ContactsUnderList_AddFromListPage" time="0.000" classname="Master.EMS_Execution">
    <skipped/>
  </testcase> <!-- Indivisual_ContactsUnderList_AddFromListPage -->
  <testcase name="CRMContacts_ContactsUnderList_AddFromListPage" time="0.000" classname="Master.EMS_Execution">
    <skipped/>
  </testcase> <!-- CRMContacts_ContactsUnderList_AddFromListPage -->
  <testcase name="CopyListListManagementPage" time="0.000" classname="Master.EMS_Execution">
    <skipped/>
  </testcase> <!-- CopyListListManagementPage -->
  <testcase name="AddNewIndivisualContactListManagementPage" time="0.000" classname="Master.EMS_Execution">
    <skipped/>
  </testcase> <!-- AddNewIndivisualContactListManagementPage -->
  <testcase name="DeleteListListManagementPage" time="0.000" classname="Master.EMS_Execution">
    <skipped/>
  </testcase> <!-- DeleteListListManagementPage -->
  <testcase name="BulkDeleteListListManagementPage" time="0.000" classname="Master.EMS_Execution">
    <skipped/>
  </testcase> <!-- BulkDeleteListListManagementPage -->
  <testcase name="DynamicListContacts_PreviewVerification" time="0.000" classname="Master.EMS_Execution">
    <skipped/>
  </testcase> <!-- DynamicListContacts_PreviewVerification -->
  <testcase name="DynamicList_CreationWithVerification" time="0.000" classname="Master.EMS_Execution">
    <skipped/>
  </testcase> <!-- DynamicList_CreationWithVerification -->
  <testcase name="ExportAll_Report_ForDistributor" time="0.000" classname="Master.EMS_Execution">
    <skipped/>
  </testcase> <!-- ExportAll_Report_ForDistributor -->
  <testcase name="Campaign_Summary_ReportDownload" time="0.000" classname="Master.EMS_Execution">
    <skipped/>
  </testcase> <!-- Campaign_Summary_ReportDownload -->
  <testcase name="Campaign_Detail_ReportDownload" time="0.000" classname="Master.EMS_Execution">
    <skipped/>
  </testcase> <!-- Campaign_Detail_ReportDownload -->
  <testcase name="Unsubscribers_Report_fileDownload" time="0.000" classname="Master.EMS_Execution">
    <skipped/>
  </testcase> <!-- Unsubscribers_Report_fileDownload -->
  <testcase name="RecentSentCampaignCopy" time="0.000" classname="Master.EMS_Execution">
    <skipped/>
  </testcase> <!-- RecentSentCampaignCopy -->
  <testcase name="UpdateSubjectNameSendStep" time="0.000" classname="Master.EMS_Execution">
    <skipped/>
  </testcase> <!-- UpdateSubjectNameSendStep -->
  <testcase name="UpdateFromNameSendStep" time="0.000" classname="Master.EMS_Execution">
    <skipped/>
  </testcase> <!-- UpdateFromNameSendStep -->
  <testcase name="UpdateReplyToEmailSendStep" time="0.000" classname="Master.EMS_Execution">
    <skipped/>
  </testcase> <!-- UpdateReplyToEmailSendStep -->
  <testcase name="Campaign_Saved_ToRecentDrafts" time="0.000" classname="Master.EMS_Execution">
    <skipped/>
  </testcase> <!-- Campaign_Saved_ToRecentDrafts -->
  <testcase name="RecentDraftCampaignCopy" time="0.000" classname="Master.EMS_Execution">
    <skipped/>
  </testcase> <!-- RecentDraftCampaignCopy -->
  <testcase name="Campaign_Saved_To_RecentDraftsFromRecentDrafts" time="0.000" classname="Master.EMS_Execution">
    <skipped/>
  </testcase> <!-- Campaign_Saved_To_RecentDraftsFromRecentDrafts -->
  <testcase name="RecentDraftCampaignDelete" time="0.000" classname="Master.EMS_Execution">
    <skipped/>
  </testcase> <!-- RecentDraftCampaignDelete -->
  <testcase name="BlankTemplateCreation_FromTemplatePage" time="0.000" classname="Master.EMS_Execution">
    <skipped/>
  </testcase> <!-- BlankTemplateCreation_FromTemplatePage -->
  <testcase name="ButtonText_Updation_VerificationTemplatesPage" time="0.000" classname="Master.EMS_Execution">
    <skipped/>
  </testcase> <!-- ButtonText_Updation_VerificationTemplatesPage -->
  <testcase name="TemplatePreview" time="0.000" classname="Master.EMS_Execution">
    <skipped/>
  </testcase> <!-- TemplatePreview -->
  <testcase name="NewTemplate_WithConfigurationCreation" time="0.000" classname="Master.EMS_Execution">
    <skipped/>
  </testcase> <!-- NewTemplate_WithConfigurationCreation -->
  <testcase name="TemplatePreviewFromTemplateListing" time="0.000" classname="Master.EMS_Execution">
    <skipped/>
  </testcase> <!-- TemplatePreviewFromTemplateListing -->
  <testcase name="TemplatesPublish" time="0.000" classname="Master.EMS_Execution">
    <skipped/>
  </testcase> <!-- TemplatesPublish -->
  <testcase name="TemplatesUnPublish" time="0.000" classname="Master.EMS_Execution">
    <skipped/>
  </testcase> <!-- TemplatesUnPublish -->
  <testcase name="Delete_Template" time="0.000" classname="Master.EMS_Execution">
    <skipped/>
  </testcase> <!-- Delete_Template -->
  <testcase name="Settings_AlertMessageVerificationChangesUnsaved" time="0.000" classname="Master.EMS_Execution">
    <skipped/>
  </testcase> <!-- Settings_AlertMessageVerificationChangesUnsaved -->
  <testcase name="FromNameField_SettingsUpdated_CampaignVerification" time="0.000" classname="Master.EMS_Execution">
    <skipped/>
  </testcase> <!-- FromNameField_SettingsUpdated_CampaignVerification -->
  <testcase name="Campaign_InfoCreation" time="0.000" classname="Master.EMS_Execution">
    <skipped/>
  </testcase> <!-- Campaign_InfoCreation -->
  <testcase name="Blank_TemplateCreation" time="0.000" classname="Master.EMS_Execution">
    <skipped/>
  </testcase> <!-- Blank_TemplateCreation -->
  <testcase name="Settings_CompanyAddressVerification" time="0.000" classname="Master.EMS_Execution">
    <skipped/>
  </testcase> <!-- Settings_CompanyAddressVerification -->
  <testcase name="ScheduledCampaignCancel" time="0.000" classname="Master.EMS_Execution">
    <skipped/>
  </testcase> <!-- ScheduledCampaignCancel -->
  <testcase name="ScheduledCampaign" time="0.000" classname="Master.EMS_Execution">
    <skipped/>
  </testcase> <!-- ScheduledCampaign -->
</testsuite> <!-- Master.EMS_Execution -->
