<?xml version="1.0" encoding="UTF-8"?>
<!-- Generated by org.testng.reporters.JUnitReportReporter -->
<testsuite skipped="0" hostname="macpk-wks-0076" name="Master.EMS_Corporate_CampaignList_Execution_Prod" tests="16" failures="0" timestamp="10 Apr 2019 11:46:03 GMT" time="407.599" errors="1">
  <testcase name="teardown" time="0.001" classname="Master.EMS_Corporate_CampaignList_Execution_Prod">
    <error type="java.lang.NullPointerException">
      <![CDATA[java.lang.NullPointerExceptionat Master.EMS_Corporate_CampaignList_Execution_Prod.teardown(EMS_Corporate_CampaignList_Execution_Prod.java:157)at sun.reflect.NativeMethodAccessorImpl.invoke0(Native Method)at sun.reflect.NativeMethodAccessorImpl.invoke(Unknown Source)at sun.reflect.DelegatingMethodAccessorImpl.invoke(Unknown Source)at java.lang.reflect.Method.invoke(Unknown Source)at org.testng.internal.MethodInvocationHelper.invokeMethod(MethodInvocationHelper.java:124)at org.testng.internal.MethodInvocationHelper.invokeMethodConsideringTimeout(MethodInvocationHelper.java:59)at org.testng.internal.Invoker.invokeConfigurationMethod(Invoker.java:451)at org.testng.internal.Invoker.invokeConfigurations(Invoker.java:222)at org.testng.internal.Invoker.invokeConfigurations(Invoker.java:142)at org.testng.TestRunner.afterRun(TestRunner.java:725)at org.testng.TestRunner.run(TestRunner.java:509)at org.testng.SuiteRunner.runTest(SuiteRunner.java:455)at org.testng.SuiteRunner.runSequentially(SuiteRunner.java:450)at org.testng.SuiteRunner.privateRun(SuiteRunner.java:415)at org.testng.SuiteRunner.run(SuiteRunner.java:364)at org.testng.SuiteRunnerWorker.runSuite(SuiteRunnerWorker.java:52)at org.testng.SuiteRunnerWorker.run(SuiteRunnerWorker.java:84)at org.testng.TestNG.runSuitesSequentially(TestNG.java:1187)at org.testng.TestNG.runSuitesLocally(TestNG.java:1116)at org.testng.TestNG.runSuites(TestNG.java:1028)at org.testng.TestNG.run(TestNG.java:996)at org.testng.remote.AbstractRemoteTestNG.run(AbstractRemoteTestNG.java:114)at org.testng.remote.RemoteTestNG.initAndRun(RemoteTestNG.java:251)at org.testng.remote.RemoteTestNG.main(RemoteTestNG.java:77)]]>
    </error>
  </testcase> <!-- teardown -->
  <testcase name="LoginApp" time="42.862" classname="Master.EMS_Corporate_CampaignList_Execution_Prod"/>
  <testcase name="TenentConfig" time="7.496" classname="Master.EMS_Corporate_CampaignList_Execution_Prod"/>
  <testcase name="SettingsCorpChildValueStoring" time="36.419" classname="Master.EMS_Corporate_CampaignList_Execution_Prod"/>
  <testcase name="CreateListVisibility_ToCampaignOwner" time="145.659" classname="Master.EMS_Corporate_CampaignList_Execution_Prod"/>
  <testcase name="RestoreDefault_FromField_CamapignInfoVerification" time="17.824" classname="Master.EMS_Corporate_CampaignList_Execution_Prod"/>
  <testcase name="Blank_TemplateCreation" time="17.457" classname="Master.EMS_Corporate_CampaignList_Execution_Prod"/>
  <testcase name="RestoreDefault_HTMLLinkWebsite_LogoStepVerification" time="9.946" classname="Master.EMS_Corporate_CampaignList_Execution_Prod"/>
  <testcase name="SocialLinks_Fields_RestoreDefaults_WithHTTPTextVerification" time="18.127" classname="Master.EMS_Corporate_CampaignList_Execution_Prod"/>
  <testcase name="LinkTOURLButton_PopUpMessage_MergeCampaignVerification" time="9.437" classname="Master.EMS_Corporate_CampaignList_Execution_Prod"/>
  <testcase name="ListCreation_FromCampaign" time="28.026" classname="Master.EMS_Corporate_CampaignList_Execution_Prod"/>
  <testcase name="SendStep_SendMailDrop_WithMultipleTenentSelection_MergeCampaignVerification" time="38.907" classname="Master.EMS_Corporate_CampaignList_Execution_Prod"/>
  <testcase name="MergeCampaignPreviewParentAddressVerification" time="3.661" classname="Master.EMS_Corporate_CampaignList_Execution_Prod"/>
  <testcase name="MergeCampaignPreviewChildAddressVerification" time="3.513" classname="Master.EMS_Corporate_CampaignList_Execution_Prod"/>
  <testcase name="MergeCampaignSendTestEmail" time="7.617" classname="Master.EMS_Corporate_CampaignList_Execution_Prod"/>
  <testcase name="MergeCampaign_Sent" time="20.647" classname="Master.EMS_Corporate_CampaignList_Execution_Prod"/>
</testsuite> <!-- Master.EMS_Corporate_CampaignList_Execution_Prod -->
