<?xml version="1.0" encoding="UTF-8"?>
<!-- Generated by org.testng.reporters.JUnitReportReporter -->
<testsuite skipped="0" hostname="macpk-wks-0076" name="Master.EMS_Corporate_CampaignList_Execution" tests="25" failures="0" timestamp="10 Apr 2019 18:24:09 GMT" time="828.686" errors="0">
  <testcase name="LoginApp" time="33.993" classname="Master.EMS_Corporate_CampaignList_Execution"/>
  <testcase name="TenentConfig" time="7.784" classname="Master.EMS_Corporate_CampaignList_Execution"/>
  <testcase name="InvokeAuthorizations" time="44.006" classname="Master.EMS_Corporate_CampaignList_Execution"/>
  <testcase name="SettingsCorpChildValueStoring" time="41.650" classname="Master.EMS_Corporate_CampaignList_Execution"/>
  <testcase name="CreateListVisibility_ToCampaignOwner" time="140.414" classname="Master.EMS_Corporate_CampaignList_Execution"/>
  <testcase name="ListContacts_Verification_With_Authorization_CampaignLevelCorporate" time="133.986" classname="Master.EMS_Corporate_CampaignList_Execution"/>
  <testcase name="ListsContactsRemoval_AfterRevokingAuthorizationMergeCampaign" time="120.476" classname="Master.EMS_Corporate_CampaignList_Execution"/>
  <testcase name="RestoreDefault_FromField_CamapignInfoVerification" time="17.557" classname="Master.EMS_Corporate_CampaignList_Execution"/>
  <testcase name="Blank_TemplateCreation" time="14.285" classname="Master.EMS_Corporate_CampaignList_Execution"/>
  <testcase name="RestoreDefault_HTMLLinkWebsite_LogoStepVerification" time="10.450" classname="Master.EMS_Corporate_CampaignList_Execution"/>
  <testcase name="SocialLinks_Fields_RestoreDefaults_WithHTTPTextVerification" time="18.040" classname="Master.EMS_Corporate_CampaignList_Execution"/>
  <testcase name="LinkTOURLButton_PopUpMessage_MergeCampaignVerification" time="10.114" classname="Master.EMS_Corporate_CampaignList_Execution"/>
  <testcase name="ListCreation_FromCampaign" time="29.528" classname="Master.EMS_Corporate_CampaignList_Execution"/>
  <testcase name="SendStep_SendMailDrop_WithMultipleTenentSelection_MergeCampaignVerification" time="48.318" classname="Master.EMS_Corporate_CampaignList_Execution"/>
  <testcase name="MergeCampaignPreviewParentAddressVerification" time="3.867" classname="Master.EMS_Corporate_CampaignList_Execution"/>
  <testcase name="MergeCampaignPreviewChildAddressVerification" time="3.702" classname="Master.EMS_Corporate_CampaignList_Execution"/>
  <testcase name="MergeCampaignSendTestEmail" time="8.283" classname="Master.EMS_Corporate_CampaignList_Execution"/>
  <testcase name="MergeCampaign_Sent" time="21.295" classname="Master.EMS_Corporate_CampaignList_Execution"/>
  <testcase name="CreateAdImageUpload" time="24.362" classname="Master.EMS_Corporate_CampaignList_Execution"/>
  <testcase name="AdRemoveImageVerification" time="2.422" classname="Master.EMS_Corporate_CampaignList_Execution"/>
  <testcase name="FutureDate_BannerAdCreationWithSearchVerification" time="21.454" classname="Master.EMS_Corporate_CampaignList_Execution"/>
  <testcase name="EditBannerAdDetails" time="20.176" classname="Master.EMS_Corporate_CampaignList_Execution"/>
  <testcase name="Delete_Ad" time="7.770" classname="Master.EMS_Corporate_CampaignList_Execution"/>
  <testcase name="CurrentDate_BannerAdCreation_WithAdCheckboxDisable_WithSearchVerificationActiveAd" time="31.641" classname="Master.EMS_Corporate_CampaignList_Execution"/>
  <testcase name="Inactive_Ad" time="13.113" classname="Master.EMS_Corporate_CampaignList_Execution"/>
</testsuite> <!-- Master.EMS_Corporate_CampaignList_Execution -->
